<?xml version="1.0" encoding="UTF-8"?>
<!-- Generated by org.testng.reporters.JUnitXMLReporter -->
<testsuite ignored="0" hostname="DESKTOP-A2IO0F2" failures="0" tests="3" name="Test" time="0.152" errors="0" timestamp="2025-10-11T13:56:23 IST">
  <testcase classname="jenkins.JenkinsPracticeTest" name="jenkinsTest" time="0.022"/>
  <testcase classname="maven.MavenPracticeTest" name="mavenTest" time="0.004"/>
  <testcase classname="github.GitHubPracticeTest" name="githubTest" time="0.007"/>
</testsuite> <!-- Test -->
